Flutter crash report; please file at https://github.com/flutter/flutter/issues.

## command

flutter run

## exception

ProcessException: ProcessException: Process "/Users/sarthaksadh/Desktop/iosd/gemselections/android/gradlew" exited abnormally:
java.lang.NoClassDefFoundError: org/slf4j/LoggerFactory
	at org.gradle.internal.concurrent.CompositeStoppable.<clinit>(CompositeStoppable.java:37)
	at org.gradle.internal.classloader.ClassLoaderUtils.tryClose(ClassLoaderUtils.java:53)
	at org.gradle.launcher.bootstrap.ProcessBootstrap.runNoExit(ProcessBootstrap.java:64)
	at org.gradle.launcher.bootstrap.ProcessBootstrap.run(ProcessBootstrap.java:37)
	at org.gradle.launcher.GradleMain.main(GradleMain.java:23)
	at sun.reflect.NativeMethodAccessorImpl.invoke0(Native Method)
	at sun.reflect.NativeMethodAccessorImpl.invoke(NativeMethodAccessorImpl.java:62)
	at sun.reflect.DelegatingMethodAccessorImpl.invoke(DelegatingMethodAccessorImpl.java:43)
	at java.lang.reflect.Method.invoke(Method.java:498)
	at org.gradle.wrapper.BootstrapMainStarter.start(BootstrapMainStarter.java:30)
	at org.gradle.wrapper.WrapperExecutor.execute(WrapperExecutor.java:129)
	at org.gradle.wrapper.GradleWrapperMain.main(GradleWrapperMain.java:61)
Caused by: java.lang.ClassNotFoundException: org.slf4j.LoggerFactory
	at java.net.URLClassLoader.findClass(URLClassLoader.java:381)
	at java.lang.ClassLoader.loadClass(ClassLoader.java:424)
	at java.lang.ClassLoader.loadClass(ClassLoader.java:357)
	... 12 more
  Command: /Users/sarthaksadh/Desktop/iosd/gemselections/android/gradlew -v

```
#0      runCheckedAsync (package:flutter_tools/src/base/process.dart:250:5)
<asynchronous suspension>
#1      _initializeGradle (package:flutter_tools/src/android/gradle.dart:210:9)
<asynchronous suspension>
#2      _ensureGradle (package:flutter_tools/src/android/gradle.dart:191:37)
<asynchronous suspension>
#3      _readGradleProject (package:flutter_tools/src/android/gradle.dart:119:31)
<asynchronous suspension>
#4      _gradleProject (package:flutter_tools/src/android/gradle.dart:111:34)
<asynchronous suspension>
#5      getGradleAppOut (package:flutter_tools/src/android/gradle.dart:105:29)
<asynchronous suspension>
#6      AndroidApk.fromAndroidProject (package:flutter_tools/src/application_package.dart:137:23)
<asynchronous suspension>
#7      ApplicationPackageFactory.getPackageForPlatform (package:flutter_tools/src/application_package.dart:37:32)
<asynchronous suspension>
#8      FlutterDevice.runHot (package:flutter_tools/src/resident_runner.dart:288:56)
<asynchronous suspension>
#9      HotRunner.run (package:flutter_tools/src/run_hot.dart:295:39)
<asynchronous suspension>
#10     RunCommand.runCommand (package:flutter_tools/src/commands/run.dart:405:37)
<asynchronous suspension>
#11     FlutterCommand.verifyThenRunCommand (package:flutter_tools/src/runner/flutter_command.dart:545:18)
#12     _asyncThenWrapperHelper.<anonymous closure> (dart:async/runtime/libasync_patch.dart:77:64)
#13     _rootRunUnary (dart:async/zone.dart:1132:38)
#14     _CustomZone.runUnary (dart:async/zone.dart:1029:19)
#15     _FutureListener.handleValue (dart:async/future_impl.dart:126:18)
#16     Future._propagateToListeners.handleValueCallback (dart:async/future_impl.dart:639:45)
#17     Future._propagateToListeners (dart:async/future_impl.dart:668:32)
#18     Future._complete (dart:async/future_impl.dart:473:7)
#19     _SyncCompleter.complete (dart:async/future_impl.dart:51:12)
#20     _AsyncAwaitCompleter.complete (dart:async/runtime/libasync_patch.dart:28:18)
#21     _completeOnAsyncReturn (dart:async/runtime/libasync_patch.dart:294:13)
#22     RunCommand.usageValues (package:flutter_tools/src/commands/run.dart)
#23     _asyncThenWrapperHelper.<anonymous closure> (dart:async/runtime/libasync_patch.dart:77:64)
#24     _rootRunUnary (dart:async/zone.dart:1132:38)
#25     _CustomZone.runUnary (dart:async/zone.dart:1029:19)
#26     _FutureListener.handleValue (dart:async/future_impl.dart:126:18)
#27     Future._propagateToListeners.handleValueCallback (dart:async/future_impl.dart:639:45)
#28     Future._propagateToListeners (dart:async/future_impl.dart:668:32)
#29     Future._complete (dart:async/future_impl.dart:473:7)
#30     _SyncCompleter.complete (dart:async/future_impl.dart:51:12)
#31     _AsyncAwaitCompleter.complete (dart:async/runtime/libasync_patch.dart:28:18)
#32     _completeOnAsyncReturn (dart:async/runtime/libasync_patch.dart:294:13)
#33     AndroidDevice.targetPlatform (package:flutter_tools/src/android/android_device.dart)
#34     _asyncThenWrapperHelper.<anonymous closure> (dart:async/runtime/libasync_patch.dart:77:64)
#35     _rootRunUnary (dart:async/zone.dart:1132:38)
#36     _CustomZone.runUnary (dart:async/zone.dart:1029:19)
#37     _FutureListener.handleValue (dart:async/future_impl.dart:126:18)
#38     Future._propagateToListeners.handleValueCallback (dart:async/future_impl.dart:639:45)
#39     Future._propagateToListeners (dart:async/future_impl.dart:668:32)
#40     Future._complete (dart:async/future_impl.dart:473:7)
#41     _SyncCompleter.complete (dart:async/future_impl.dart:51:12)
#42     _AsyncAwaitCompleter.complete.<anonymous closure> (dart:async/runtime/libasync_patch.dart:33:20)
#43     _rootRun (dart:async/zone.dart:1124:13)
#44     _CustomZone.run (dart:async/zone.dart:1021:19)
#45     _CustomZone.bindCallback.<anonymous closure> (dart:async/zone.dart:947:23)
#46     _microtaskLoop (dart:async/schedule_microtask.dart:41:21)
#47     _startMicrotaskLoop (dart:async/schedule_microtask.dart:50:5)
#48     _runPendingImmediateCallback (dart:isolate/runtime/libisolate_patch.dart:115:13)
#49     _RawReceivePortImpl._handleMessage (dart:isolate/runtime/libisolate_patch.dart:172:5)
```

## flutter doctor

```
[32m[✓][39m Flutter (Channel stable, v1.2.1, on Mac OS X 10.14.1 18B75, locale en-GB)
    [32m•[39m Flutter version 1.2.1 at /Users/sarthaksadh/Downloads/flutter
    [32m•[39m Framework revision 8661d8aecd (3 months ago), 2019-02-14 19:19:53 -0800
    [32m•[39m Engine revision 3757390fa4
    [32m•[39m Dart version 2.1.2 (build 2.1.2-dev.0.0 0a7dcf17eb)

[33m[!][39m Android toolchain - develop for Android devices (Android SDK version 28.0.3)
    [32m•[39m Android SDK at /Users/sarthaksadh/Library/Android/sdk
    [32m•[39m Android NDK location not configured (optional; useful for native profiling support)
    [32m•[39m Platform android-28, build-tools 28.0.3
    [32m•[39m Java binary at: /Applications/Android Studio.app/Contents/jre/jdk/Contents/Home/bin/java
    [32m•[39m Java version OpenJDK Runtime Environment (build 1.8.0_152-release-1136-b06)
    [31m✗[39m Android license status unknown.

[33m[!][39m iOS toolchain - develop for iOS devices
    [31m✗[39m Xcode installation is incomplete; a full installation is necessary for iOS development.
      Download at: https://developer.apple.com/xcode/download/
      Or install Xcode via the App Store.
      Once installed, run:
        sudo xcode-select --switch /Applications/Xcode.app/Contents/Developer
    [31m✗[39m libimobiledevice and ideviceinstaller are not installed. To install with Brew, run:
        brew update
        brew install --HEAD usbmuxd
        brew link usbmuxd
        brew install --HEAD libimobiledevice
        brew install ideviceinstaller
    [32m•[39m ios-deploy 1.9.4
    [31m✗[39m CocoaPods not installed.
        CocoaPods is used to retrieve the iOS platform side's plugin code that responds to your plugin
        usage on the Dart side.
        Without resolving iOS dependencies with CocoaPods, plugins will not work on iOS.
        For more info, see https://flutter.io/platform-plugins
      To install:
        brew install cocoapods
        pod setup

[32m[✓][39m Android Studio (version 3.2)
    [32m•[39m Android Studio at /Applications/Android Studio.app/Contents
    [32m•[39m Flutter plugin version 31.3.1
    [32m•[39m Dart plugin version 181.5656
    [32m•[39m Java version OpenJDK Runtime Environment (build 1.8.0_152-release-1136-b06)

[32m[✓][39m VS Code (version 1.33.1)
    [32m•[39m VS Code at /Applications/Visual Studio Code.app/Contents
    [32m•[39m Flutter extension version 3.0.1

[32m[✓][39m Connected device (1 available)
    [32m•[39m SM M305F • 320081d44f4d1671 • android-arm64 • Android 8.1.0 (API 27)

[33m![39m Doctor found issues in 2 categories.
```
